\BOOKMARK [1][-]{section*.2}{\376\377\000A\000b\000s\000t\000r\000a\000c\000t}{}% 1
\BOOKMARK [1][-]{section.1}{\376\377\000I\000n\000t\000r\000o\000d\000u\000c\000t\000i\000o\000n}{}% 2
\BOOKMARK [2][-]{subsection.1.1}{\376\377\000T\000h\000e\000\040\000E\000n\000e\000r\000g\000y\000\040\000T\000r\000a\000n\000s\000i\000t\000i\000o\000n}{section.1}% 3
\BOOKMARK [2][-]{subsection.1.2}{\376\377\000M\000a\000r\000k\000e\000t\000\040\000I\000n\000e\000f\000f\000i\000c\000i\000e\000n\000c\000i\000e\000s}{section.1}% 4
\BOOKMARK [2][-]{subsection.1.3}{\376\377\000I\000m\000p\000a\000c\000t\000\040\000o\000n\000\040\000R\000e\000n\000e\000w\000a\000b\000l\000e\000\040\000E\000n\000e\000r\000g\000y\000\040\000A\000d\000o\000p\000t\000i\000o\000n}{section.1}% 5
\BOOKMARK [1][-]{section.2}{\376\377\000T\000h\000e\000\040\000G\000r\000i\000d\000T\000o\000k\000e\000n\000X\000\040\000S\000o\000l\000u\000t\000i\000o\000n}{}% 6
\BOOKMARK [2][-]{subsection.2.1}{\376\377\000K\000e\000y\000\040\000V\000a\000l\000u\000e\000\040\000P\000r\000o\000p\000o\000s\000i\000t\000i\000o\000n\000s}{section.2}% 7
\BOOKMARK [2][-]{subsection.2.2}{\376\377\000P\000l\000a\000t\000f\000o\000r\000m\000\040\000O\000v\000e\000r\000v\000i\000e\000w}{section.2}% 8
\BOOKMARK [2][-]{subsection.2.3}{\376\377\000T\000h\000e\000\040\000D\000u\000a\000l\000-\000T\000r\000a\000c\000k\000e\000r\000\040\000M\000o\000d\000e\000l}{section.2}% 9
\BOOKMARK [1][-]{section.3}{\376\377\000T\000e\000c\000h\000n\000i\000c\000a\000l\000\040\000A\000r\000c\000h\000i\000t\000e\000c\000t\000u\000r\000e}{}% 10
\BOOKMARK [2][-]{subsection.3.1}{\376\377\000S\000y\000s\000t\000e\000m\000\040\000C\000o\000n\000t\000e\000x\000t}{section.3}% 11
\BOOKMARK [2][-]{subsection.3.2}{\376\377\000B\000l\000o\000c\000k\000c\000h\000a\000i\000n\000\040\000S\000e\000l\000e\000c\000t\000i\000o\000n\000:\000\040\000S\000o\000l\000a\000n\000a}{section.3}% 12
\BOOKMARK [2][-]{subsection.3.3}{\376\377\000C\000o\000r\000e\000\040\000S\000m\000a\000r\000t\000\040\000C\000o\000n\000t\000r\000a\000c\000t\000\040\000P\000r\000o\000g\000r\000a\000m\000s}{section.3}% 13
\BOOKMARK [3][-]{subsubsection.3.3.1}{\376\377\000R\000e\000g\000i\000s\000t\000r\000y\000\040\000P\000r\000o\000g\000r\000a\000m}{subsection.3.3}% 14
\BOOKMARK [3][-]{subsubsection.3.3.2}{\376\377\000E\000n\000e\000r\000g\000y\000\040\000T\000o\000k\000e\000n\000\040\000P\000r\000o\000g\000r\000a\000m}{subsection.3.3}% 15
\BOOKMARK [3][-]{subsubsection.3.3.3}{\376\377\000O\000r\000a\000c\000l\000e\000\040\000P\000r\000o\000g\000r\000a\000m}{subsection.3.3}% 16
\BOOKMARK [3][-]{subsubsection.3.3.4}{\376\377\000T\000r\000a\000d\000i\000n\000g\000\040\000P\000r\000o\000g\000r\000a\000m}{subsection.3.3}% 17
\BOOKMARK [3][-]{subsubsection.3.3.5}{\376\377\000G\000o\000v\000e\000r\000n\000a\000n\000c\000e\000\040\000P\000r\000o\000g\000r\000a\000m}{subsection.3.3}% 18
\BOOKMARK [2][-]{subsection.3.4}{\376\377\000S\000y\000s\000t\000e\000m\000\040\000A\000r\000c\000h\000i\000t\000e\000c\000t\000u\000r\000e\000\040\000D\000i\000a\000g\000r\000a\000m}{section.3}% 19
\BOOKMARK [2][-]{subsection.3.5}{\376\377\000A\000r\000c\000h\000i\000t\000e\000c\000t\000u\000r\000a\000l\000\040\000L\000a\000y\000e\000r\000s}{section.3}% 20
\BOOKMARK [1][-]{section.4}{\376\377\000P\000e\000r\000f\000o\000r\000m\000a\000n\000c\000e\000\040\000E\000v\000a\000l\000u\000a\000t\000i\000o\000n}{}% 21
\BOOKMARK [2][-]{subsection.4.1}{\376\377\000B\000e\000n\000c\000h\000m\000a\000r\000k\000\040\000R\000e\000s\000u\000l\000t\000s}{section.4}% 22
\BOOKMARK [2][-]{subsection.4.2}{\376\377\000S\000t\000a\000n\000d\000a\000r\000d\000i\000z\000e\000d\000\040\000W\000o\000r\000k\000l\000o\000a\000d\000s}{section.4}% 23
\BOOKMARK [1][-]{section.5}{\376\377\000T\000o\000k\000e\000n\000\040\000E\000c\000o\000n\000o\000m\000i\000c\000s}{}% 24
\BOOKMARK [2][-]{subsection.5.1}{\376\377\000G\000R\000I\000D\000\040\000T\000o\000k\000e\000n\000\040\000S\000p\000e\000c\000i\000f\000i\000c\000a\000t\000i\000o\000n}{section.5}% 25
\BOOKMARK [2][-]{subsection.5.2}{\376\377\000T\000o\000k\000e\000n\000\040\000V\000a\000l\000u\000e\000\040\000C\000o\000m\000p\000o\000n\000e\000n\000t\000s}{section.5}% 26
\BOOKMARK [2][-]{subsection.5.3}{\376\377\000E\000l\000a\000s\000t\000i\000c\000\040\000S\000u\000p\000p\000l\000y\000\040\000M\000e\000c\000h\000a\000n\000i\000s\000m}{section.5}% 27
\BOOKMARK [2][-]{subsection.5.4}{\376\377\000T\000o\000k\000e\000n\000\040\000L\000i\000f\000e\000c\000y\000c\000l\000e}{section.5}% 28
\BOOKMARK [2][-]{subsection.5.5}{\376\377\000S\000u\000p\000p\000l\000y\000\040\000G\000r\000o\000w\000t\000h\000\040\000P\000r\000o\000j\000e\000c\000t\000i\000o\000n}{section.5}% 29
\BOOKMARK [2][-]{subsection.5.6}{\376\377\000P\000r\000i\000c\000e\000\040\000D\000i\000s\000c\000o\000v\000e\000r\000y\000\040\000M\000o\000d\000e\000l}{section.5}% 30
\BOOKMARK [2][-]{subsection.5.7}{\376\377\000E\000c\000o\000n\000o\000m\000i\000c\000\040\000I\000n\000c\000e\000n\000t\000i\000v\000e\000s}{section.5}% 31
\BOOKMARK [1][-]{section.6}{\376\377\000S\000e\000c\000u\000r\000i\000t\000y\000\040\000F\000r\000a\000m\000e\000w\000o\000r\000k}{}% 32
\BOOKMARK [2][-]{subsection.6.1}{\376\377\000S\000e\000c\000u\000r\000i\000t\000y\000\040\000D\000e\000s\000i\000g\000n\000\040\000P\000r\000i\000n\000c\000i\000p\000l\000e\000s}{section.6}% 33
\BOOKMARK [2][-]{subsection.6.2}{\376\377\000T\000h\000r\000e\000a\000t\000\040\000M\000o\000d\000e\000l\000\040\000\050\000S\000T\000R\000I\000D\000E\000\040\000A\000n\000a\000l\000y\000s\000i\000s\000\051}{section.6}% 34
\BOOKMARK [2][-]{subsection.6.3}{\376\377\000S\000m\000a\000r\000t\000\040\000C\000o\000n\000t\000r\000a\000c\000t\000\040\000S\000e\000c\000u\000r\000i\000t\000y}{section.6}% 35
\BOOKMARK [2][-]{subsection.6.4}{\376\377\000O\000r\000a\000c\000l\000e\000\040\000S\000e\000c\000u\000r\000i\000t\000y}{section.6}% 36
\BOOKMARK [1][-]{section.7}{\376\377\000G\000o\000v\000e\000r\000n\000a\000n\000c\000e\000\040\000a\000n\000d\000\040\000D\000A\000O}{}% 37
\BOOKMARK [2][-]{subsection.7.1}{\376\377\000G\000o\000v\000e\000r\000n\000a\000n\000c\000e\000\040\000P\000h\000a\000s\000e\000s}{section.7}% 38
\BOOKMARK [2][-]{subsection.7.2}{\376\377\000V\000o\000t\000i\000n\000g\000\040\000M\000e\000c\000h\000a\000n\000i\000s\000m}{section.7}% 39
\BOOKMARK [2][-]{subsection.7.3}{\376\377\000G\000o\000v\000e\000r\000n\000a\000b\000l\000e\000\040\000P\000a\000r\000a\000m\000e\000t\000e\000r\000s}{section.7}% 40
\BOOKMARK [1][-]{section.8}{\376\377\000R\000e\000s\000e\000a\000r\000c\000h\000\040\000M\000e\000t\000h\000o\000d\000o\000l\000o\000g\000y}{}% 41
\BOOKMARK [2][-]{subsection.8.1}{\376\377\000R\000e\000s\000e\000a\000r\000c\000h\000\040\000P\000a\000r\000a\000d\000i\000g\000m\000\040\000F\000r\000a\000m\000e\000w\000o\000r\000k}{section.8}% 42
\BOOKMARK [2][-]{subsection.8.2}{\376\377\000R\000e\000s\000e\000a\000r\000c\000h\000\040\000Q\000u\000e\000s\000t\000i\000o\000n\000s}{section.8}% 43
\BOOKMARK [1][-]{section.9}{\376\377\000C\000o\000m\000p\000a\000r\000a\000t\000i\000v\000e\000\040\000A\000n\000a\000l\000y\000s\000i\000s}{}% 44
\BOOKMARK [2][-]{subsection.9.1}{\376\377\000C\000o\000m\000p\000a\000r\000i\000s\000o\000n\000\040\000F\000r\000a\000m\000e\000w\000o\000r\000k}{section.9}% 45
\BOOKMARK [2][-]{subsection.9.2}{\376\377\000P\000l\000a\000t\000f\000o\000r\000m\000\040\000C\000o\000m\000p\000a\000r\000i\000s\000o\000n}{section.9}% 46
\BOOKMARK [2][-]{subsection.9.3}{\376\377\000K\000e\000y\000\040\000D\000i\000f\000f\000e\000r\000e\000n\000t\000i\000a\000t\000o\000r\000s}{section.9}% 47
\BOOKMARK [1][-]{section.10}{\376\377\000R\000o\000a\000d\000m\000a\000p}{}% 48
\BOOKMARK [2][-]{subsection.10.1}{\376\377\000D\000e\000v\000e\000l\000o\000p\000m\000e\000n\000t\000\040\000S\000t\000r\000a\000t\000e\000g\000y}{section.10}% 49
\BOOKMARK [3][-]{subsubsection.10.1.1}{\376\377\000P\000h\000a\000s\000e\000\040\0001\000:\000\040\000F\000o\000u\000n\000d\000a\000t\000i\000o\000n\000\040\000\050\000Q\0004\000\040\0002\0000\0002\0005\000\040\000-\000\040\000Q\0001\000\040\0002\0000\0002\0006\000\051}{subsection.10.1}% 50
\BOOKMARK [2][-]{subsection.10.2}{\376\377\000M\000i\000l\000e\000s\000t\000o\000n\000e\000\040\000D\000e\000t\000a\000i\000l\000s}{section.10}% 51
\BOOKMARK [2][-]{subsection.10.3}{\376\377\000S\000t\000r\000a\000t\000e\000g\000i\000c\000\040\000G\000o\000a\000l\000s\000\040\000b\000y\000\040\0002\0000\0002\0008}{section.10}% 52
\BOOKMARK [1][-]{section.11}{\376\377\000C\000o\000n\000c\000l\000u\000s\000i\000o\000n}{}% 53
\BOOKMARK [1][-]{section*.22}{\376\377\000R\000e\000f\000e\000r\000e\000n\000c\000e\000s}{}% 54
\BOOKMARK [1][-]{appendix.A}{\376\377\000T\000e\000c\000h\000n\000i\000c\000a\000l\000\040\000S\000p\000e\000c\000i\000f\000i\000c\000a\000t\000i\000o\000n\000s}{}% 55
\BOOKMARK [2][-]{subsection.A.1}{\376\377\000P\000r\000o\000g\000r\000a\000m\000\040\000A\000d\000d\000r\000e\000s\000s\000e\000s\000\040\000\050\000D\000e\000v\000n\000e\000t\000\051}{appendix.A}% 56
\BOOKMARK [2][-]{subsection.A.2}{\376\377\000A\000P\000I\000\040\000E\000n\000d\000p\000o\000i\000n\000t\000s}{appendix.A}% 57
\BOOKMARK [1][-]{appendix.B}{\376\377\000G\000l\000o\000s\000s\000a\000r\000y}{}% 58
\BOOKMARK [1][-]{section*.24}{\376\377\000L\000e\000g\000a\000l\000\040\000D\000i\000s\000c\000l\000a\000i\000m\000e\000r}{}% 59
